The Dart VM service is listening on http://127.0.0.1:64287/3nNfRamOgog=/
The Dart DevTools debugger and profiler is available at: http://127.0.0.1:64287/3nNfRamOgog=/devtools?uri=ws://127.0.0.1:64287/3nNfRamOgog=/ws
The Dart VM service is listening on http://127.0.0.1:56709/Ca6LK8G2CAs=/
The Dart DevTools debugger and profiler is available at: http://127.0.0.1:56709/Ca6LK8G2CAs=/devtools?uri=ws://127.0.0.1:56709/Ca6LK8G2CAs=/ws
The Dart VM service is listening on http://127.0.0.1:56945/0kRVbn-hWF4=/
The Dart DevTools debugger and profiler is available at: http://127.0.0.1:56945/0kRVbn-hWF4=/devtools?uri=ws://127.0.0.1:56945/0kRVbn-hWF4=/ws
The Dart VM service is listening on http://127.0.0.1:52616/CBvcTx3ipRw=/
The Dart DevTools debugger and profiler is available at: http://127.0.0.1:52616/CBvcTx3ipRw=/devtools?uri=ws://127.0.0.1:52616/CBvcTx3ipRw=/ws
The request analysis.updateContent failed with the following error:
RequestErrorCode.PLUGIN_ERROR
A request throw the exception:PathNotFoundException(path=/Users/dmonster/FlutterApps/app3-v1.0.2/lib/presentation/splash_screen/notifier/splash_state.dart; message=Cannot retrieve modification time)
#0      _PhysicalFile.modificationStamp (package:analyzer/file_system/physical_file_system.dart:118:7)
#1      _OverlayFile.modificationStamp (package:analyzer/file_system/overlay_file_system.dart:146:18)
#2      FileSource.contentsFromFile (package:analyzer/src/source/source_resource.dart:64:14)
#3      FileSource.contents (package:analyzer/src/source/source_resource.dart:51:12)
#4      ExpectLint.run (package:custom_lint_builder/src/expect_lint.dart:34:23)
#5      _ClientAnalyzerPlugin.analyzeFile.<anonymous closure> (package:custom_lint_builder/src/client.dart:823:25)
<asynchronous suspension>
#6      _ClientAnalyzerPlugin._runOperation (package:custom_lint_builder/src/client.dart:855:14)
<asynchronous suspension>
#7      _ClientAnalyzerPlugin.analyzeFile (package:custom_lint_builder/src/client.dart:776:5)
<asynchronous suspension>
#8      ServerPlugin.analyzeFiles (package:analyzer_plugin/plugin/plugin.dart:111:7)
<asynchronous suspension>
#9      ServerPlugin.handleAffectedFiles (package:analyzer_plugin/plugin/plugin.dart:211:5)
<asynchronous suspension>
#10     ServerPlugin.contentChanged.<anonymous closure> (package:analyzer_plugin/plugin/plugin.dart:141:9)
<asynchronous suspension>
#11     ServerPlugin._forAnalysisContexts (package:analyzer_plugin/plugin/plugin.dart:510:9)
<asynchronous suspension>
#12     ServerPlugin.contentChanged (package:analyzer_plugin/plugin/plugin.dart:136:7)
<asynchronous suspension>
#13     ServerPlugin.handleAnalysisUpdateContent (package:analyzer_plugin/plugin/plugin.dart:353:5)
<asynchronous suspension>
#14     ServerPlugin._getResponse (package:analyzer_plugin/plugin/plugin.dart:548:18)
<asynchronous suspension>
#15     ServerPlugin._onRequest (package:analyzer_plugin/plugin/plugin.dart:599:18)
<asynchronous suspension>

at:
#0      SocketCustomLintServerToClientChannel.sendCustomLintRequest.<anonymous closure> (package:custom_lint/src/v2/server_to_client_channel.dart:271:11)
#1      _$_CustomLintResponseAnalyzerPluginResponse.map (package:custom_lint/src/v2/protocol.freezed.dart:924:34)
#2      SocketCustomLintServerToClientChannel.sendCustomLintRequest (package:custom_lint/src/v2/server_to_client_channel.dart:265:14)
<asynchronous suspension>
#3      SocketCustomLintServerToClientChannel.sendAnalyzerPluginRequest (package:custom_lint/src/v2/server_to_client_channel.dart:242:22)
<asynchronous suspension>
#4      CustomLintServer._handleRequest.<anonymous closure>.<anonymous closure> (package:custom_lint/src/v2/custom_lint_analyzer_plugin.dart:177:17)
<asynchronous suspension>
#5      PendingOperation.run (package:custom_lint/src/async_operation.dart:22:14)
<asynchronous suspension>
#6      CustomLintServer._handleRequest (package:custom_lint/src/v2/custom_lint_analyzer_plugin.dart:160:22)
<asynchronous suspension>

[custom_lint] 2023-12-17T12:44:07.802984 .
[custom_lint] 2023-12-17T12:44:07.802984
[custom_lint] 2023-12-17T12:44:07.802984
Failed to start pluginsThe request analysis.setContextRoots failed with the following error:
RequestErrorCode.PLUGIN_ERROR
Bad state: Failed to start the plugins.
at:
#0      SocketCustomLintServerToClientChannel._checkInitializationFail.<anonymous closure> (package:custom_lint/src/v2/server_to_client_channel.dart:231:11)
<asynchronous suspension>
#1      Future.any.onValue (dart:async/future.dart:615:5)
<asynchronous suspension>

The Dart VM service is listening on http://127.0.0.1:56356/0Lf8sqMRT4M=/
The Dart DevTools debugger and profiler is available at: http://127.0.0.1:56356/0Lf8sqMRT4M=/devtools?uri=ws://127.0.0.1:56356/0Lf8sqMRT4M=/ws
The Dart VM service is listening on http://127.0.0.1:56435/5H0sLAqgHUM=/
The Dart DevTools debugger and profiler is available at: http://127.0.0.1:56435/5H0sLAqgHUM=/devtools?uri=ws://127.0.0.1:56435/5H0sLAqgHUM=/ws
The Dart VM service is listening on http://127.0.0.1:58391/JDeeF45X-8I=/
The Dart DevTools debugger and profiler is available at: http://127.0.0.1:58391/JDeeF45X-8I=/devtools?uri=ws://127.0.0.1:58391/JDeeF45X-8I=/ws
The Dart VM service is listening on http://127.0.0.1:58432/FH3vMW1PhjQ=/
The Dart DevTools debugger and profiler is available at: http://127.0.0.1:58432/FH3vMW1PhjQ=/devtools?uri=ws://127.0.0.1:58432/FH3vMW1PhjQ=/ws
The Dart VM service is listening on http://127.0.0.1:59393/KeDV1te4FwY=/
The Dart DevTools debugger and profiler is available at: http://127.0.0.1:59393/KeDV1te4FwY=/devtools?uri=ws://127.0.0.1:59393/KeDV1te4FwY=/ws
The Dart VM service is listening on http://127.0.0.1:59472/WH9I5KkL5bA=/
The Dart DevTools debugger and profiler is available at: http://127.0.0.1:59472/WH9I5KkL5bA=/devtools?uri=ws://127.0.0.1:59472/WH9I5KkL5bA=/ws
The Dart VM service is listening on http://127.0.0.1:59524/JXCLp2dbAzI=/
The Dart DevTools debugger and profiler is available at: http://127.0.0.1:59524/JXCLp2dbAzI=/devtools?uri=ws://127.0.0.1:59524/JXCLp2dbAzI=/ws
The Dart VM service is listening on http://127.0.0.1:49445/qaScWu1Lg7Y=/
The Dart DevTools debugger and profiler is available at: http://127.0.0.1:49445/qaScWu1Lg7Y=/devtools?uri=ws://127.0.0.1:49445/qaScWu1Lg7Y=/ws
[WrapWithConsumer] 2023-12-17T23:55:39.699348 Plugin WrapWithConsumer threw while analyzing /Users/dmonster/FlutterApps/app3-v1.0.2/lib/presentation/login_screen/notifier/login_state.dart:
[WrapWithConsumer] 2023-12-17T23:55:39.699348 InconsistentAnalysisException: Requested result might be inconsistent with previously returned results
[WrapWithConsumer] 2023-12-17T23:55:39.699348
[WrapWithConsumer] 2023-12-17T23:55:39.699348 #0      AnalysisSessionImpl._checkConsistency (package:analyzer/src/dart/analysis/session.dart:135:7)
[WrapWithConsumer] 2023-12-17T23:55:39.699348 #1      AnalysisSessionImpl.getResolvedUnit (package:analyzer/src/dart/analysis/session.dart:121:5)
[WrapWithConsumer] 2023-12-17T23:55:39.699348 #2      ChangeBuilderImpl._createDartFileEditBuilder (package:analyzer_plugin/src/utilities/change_builder/change_builder_core.dart:287:33)
[WrapWithConsumer] 2023-12-17T23:55:39.699348 #3      ChangeBuilderImpl.addDartFileEdit (package:analyzer_plugin/src/utilities/change_builder/change_builder_core.dart:136:23)
[WrapWithConsumer] 2023-12-17T23:55:39.699348 #4      _ChangeBuilderImpl.addDartFileEdit (package:custom_lint_core/src/change_reporter.dart:116:33)
[WrapWithConsumer] 2023-12-17T23:55:39.699348 #5      ClassBasedToFunctionalProvider.run.<anonymous closure> (package:riverpod_lint/src/assists/class_based_to_functional_provider.dart:33:21)
[WrapWithConsumer] 2023-12-17T23:55:39.699348 #6      _RiverpodAstRegistryVisitor._runSubscriptions (package:riverpod_analyzer_utils/src/riverpod_ast/visitor.dart:961:12)
[WrapWithConsumer] 2023-12-17T23:55:39.699348 #7      _RiverpodAstRegistryVisitor.visitClassBasedProviderDeclaration (package:riverpod_analyzer_utils/src/riverpod_ast/visitor.dart:915:5)
[WrapWithConsumer] 2023-12-17T23:55:39.699348 #8      ClassBasedProviderDeclaration.accept (package:riverpod_analyzer_utils/src/riverpod_ast/generator_provider_declaration.dart:267:13)
[WrapWithConsumer] 2023-12-17T23:55:39.699348 #9      ResolvedRiverpodLibraryResult.visitChildren (package:riverpod_analyzer_utils/src/riverpod_ast/resolve_riverpod.dart:75:19)
[WrapWithConsumer] 2023-12-17T23:55:39.699348 #10     _RiverpodAstRegistryVisitor.visitResolvedRiverpodUnit (package:riverpod_analyzer_utils/src/riverpod_ast/visitor.dart:870:12)
[WrapWithConsumer] 2023-12-17T23:55:39.699348 #11     ResolvedRiverpodLibraryResult.accept (package:riverpod_analyzer_utils/src/riverpod_ast/resolve_riverpod.dart:59:13)
[WrapWithConsumer] 2023-12-17T23:55:39.699348 #12     RiverpodAstRegistry.run (package:riverpod_analyzer_utils/src/riverpod_ast/visitor.dart:517:10)
[WrapWithConsumer] 2023-12-17T23:55:39.699348 #13     _ParseRiverpod._setupRiverpod.<anonymous closure> (package:riverpod_lint/src/riverpod_custom_lint.dart:92:47)
[WrapWithConsumer] 2023-12-17T23:55:39.699348 #14     _rootRun (dart:async/zone.dart:1399:13)
[WrapWithConsumer] 2023-12-17T23:55:39.699348 #15     _CustomZone.run (dart:async/zone.dart:1301:19)
[WrapWithConsumer] 2023-12-17T23:55:39.699348 #16     _CustomZone.bindCallback.<anonymous closure> (dart:async/zone.dart:1233:23)
[WrapWithConsumer] 2023-12-17T23:55:39.699348 #17     runPostRunCallbacks (package:custom_lint_core/src/plugin_base.dart:16:19)
[WrapWithConsumer] 2023-12-17T23:55:39.699348 #18     _ClientAnalyzerPlugin.handleEditGetAssists (package:custom_lint_builder/src/client.dart:463:5)
[WrapWithConsumer] 2023-12-17T23:55:39.699348 <asynchronous suspension>
[WrapWithConsumer] 2023-12-17T23:55:39.699348 #19     ServerPlugin._getResponse (package:analyzer_plugin/plugin/plugin.dart:556:18)
[WrapWithConsumer] 2023-12-17T23:55:39.699348 <asynchronous suspension>
[WrapWithConsumer] 2023-12-17T23:55:39.699348 #20     ServerPlugin._onRequest (package:analyzer_plugin/plugin/plugin.dart:599:18)
[WrapWithConsumer] 2023-12-17T23:55:39.699348 <asynchronous suspension>
[WrapWithConsumer] 2023-12-17T23:55:39.699348
[WrapWithConsumer] 2023-12-18T00:26:58.446075 Plugin WrapWithConsumer threw while analyzing /Users/dmonster/FlutterApps/app3-v1.0.2/lib/presentation/login_screen/login_screen.dart:
[WrapWithConsumer] 2023-12-18T00:26:58.446075 InconsistentAnalysisException: Requested result might be inconsistent with previously returned results
[WrapWithConsumer] 2023-12-18T00:26:58.446075
[WrapWithConsumer] 2023-12-18T00:26:58.446075 #0      AnalysisSessionImpl._checkConsistency (package:analyzer/src/dart/analysis/session.dart:135:7)
[WrapWithConsumer] 2023-12-18T00:26:58.446075 #1      AnalysisSessionImpl.getResolvedUnit (package:analyzer/src/dart/analysis/session.dart:121:5)
[WrapWithConsumer] 2023-12-18T00:26:58.446075 #2      ChangeBuilderImpl._createDartFileEditBuilder (package:analyzer_plugin/src/utilities/change_builder/change_builder_core.dart:287:33)
[WrapWithConsumer] 2023-12-18T00:26:58.446075 #3      ChangeBuilderImpl.addDartFileEdit (package:analyzer_plugin/src/utilities/change_builder/change_builder_core.dart:136:23)
[WrapWithConsumer] 2023-12-18T00:26:58.446075 #4      _ChangeBuilderImpl.addDartFileEdit (package:custom_lint_core/src/change_reporter.dart:116:33)
[WrapWithConsumer] 2023-12-18T00:26:58.446075 #5      WrapWithConsumer.run.<anonymous closure> (package:riverpod_lint/src/assists/wrap_with_consumer.dart:35:21)
[WrapWithConsumer] 2023-12-18T00:26:58.446075 #6      _rootRunUnary (dart:async/zone.dart:1415:13)
[WrapWithConsumer] 2023-12-18T00:26:58.446075 #7      _CustomZone.runUnary (dart:async/zone.dart:1308:19)
[WrapWithConsumer] 2023-12-18T00:26:58.446075 #8      LinterVisitor._runSubscriptions (package:custom_lint_core/src/node_lint_visitor.g.dart:29:27)
[WrapWithConsumer] 2023-12-18T00:26:58.446075 #9      LinterVisitor.visitInstanceCreationExpression (package:custom_lint_core/src/node_lint_visitor.g.dart:609:5)
[WrapWithConsumer] 2023-12-18T00:26:58.446075 #10     InstanceCreationExpressionImpl.accept (package:analyzer/src/dart/ast/ast.dart:10462:15)
[WrapWithConsumer] 2023-12-18T00:26:58.446075 #11     NamedExpressionImpl.visitChildren (package:analyzer/src/dart/ast/ast.dart:12584:17)
[WrapWithConsumer] 2023-12-18T00:26:58.446075 #12     GeneralizingAstVisitor.visitNode (package:analyzer/dart/ast/visitor.dart:535:10)
[WrapWithConsumer] 2023-12-18T00:26:58.446075 #13     LinterVisitor.visitNode (package:custom_lint_core/src/node_lint_visitor.g.dart:784:11)
[WrapWithConsumer] 2023-12-18T00:26:58.446075 #14     GeneralizingAstVisitor.visitCollectionElement (package:analyzer/dart/ast/visitor.dart:208:56)
[WrapWithConsumer] 2023-12-18T00:26:58.446075 #15     LinterVisitor.visitCollectionElement (package:custom_lint_core/src/node_lint_visitor.g.dart:184:11)
[WrapWithConsumer] 2023-12-18T00:26:58.446075 #16     GeneralizingAstVisitor.visitExpression (package:analyzer/dart/ast/visitor.dart:305:42)
[WrapWithConsumer] 2023-12-18T00:26:58.446075 #17     LinterVisitor.visitExpression (package:custom_lint_core/src/node_lint_visitor.g.dart:370:11)
[WrapWithConsumer] 2023-12-18T00:26:58.446075 #18     GeneralizingAstVisitor.visitNamedExpression (package:analyzer/dart/ast/visitor.dart:519:52)
[WrapWithConsumer] 2023-12-18T00:26:58.446075 #19     LinterVisitor.visitNamedExpression (package:custom_lint_core/src/node_lint_visitor.g.dart:754:11)
[WrapWithConsumer] 2023-12-18T00:26:58.446075 #20     NamedExpressionImpl.accept (package:analyzer/src/dart/ast/ast.dart:12574:50)
[WrapWithConsumer] 2023-12-18T00:26:58.446075 #21     NodeListImpl.accept (package:analyzer/src/dart/ast/ast.dart:12998:20)
[WrapWithConsumer] 2023-12-18T00:26:58.446075 #22     ArgumentListImpl.visitChildren (package:analyzer/src/dart/ast/ast.dart:510:16)
[WrapWithConsumer] 2023-12-18T00:26:58.446075 #23     GeneralizingAstVisitor.visitNode (package:analyzer/dart/ast/visitor.dart:535:10)
[WrapWithConsumer] 2023-12-18T00:26:58.446075 #24     LinterVisitor.visitNode (package:custom_lint_core/src/node_lint_visitor.g.dart:784:11)
[WrapWithConsumer] 2023-12-18T00:26:58.446075 #25     GeneralizingAstVisitor.visitArgumentList (package:analyzer/dart/ast/visitor.dart:143:46)
[WrapWithConsumer] 2023-12-18T00:26:58.446075 #26     LinterVisitor.visitArgumentList (package:custom_lint_core/src/node_lint_visitor.g.dart:58:11)
[WrapWithConsumer] 2023-12-18T00:26:58.446075 #27     ArgumentListImpl.accept (package:analyzer/src/dart/ast/ast.dart:506:50)
[WrapWithConsumer] 2023-12-18T00:26:58.446075 #28     InstanceCreationExpressionImpl.visitChildren (package:analyzer/src/dart/ast/ast.dart:10473:19)
[WrapWithConsumer] 2023-12-18T00:26:58.446075 #29     GeneralizingAstVisitor.visitNode (package:analyzer/dart/ast/visitor.dart:535:10)
[WrapWithConsumer] 2023-12-18T00:26:58.446075 #30     LinterVisitor.visitNode (package:custom_lint_core/src/node_lint_visitor.g.dart:784:11)
[WrapWithConsumer] 2023-12-18T00:26:58.446075 #31     GeneralizingAstVisitor.visitCollectionElement (package:analyzer/dart/ast/visitor.dart:208:56)
[WrapWithConsumer] 2023-12-18T00:26:58.446075 #32     LinterVisitor.visitCollectionElement (package:custom_lint_core/src/node_lint_visitor.g.dart:184:11)
[WrapWithConsumer] 2023-12-18T00:26:58.446075 #33     GeneralizingAstVisitor.visitExpression (package:analyzer/dart/ast/visitor.dart:305:42)
[WrapWithConsumer] 2023-12-18T00:26:58.446075 #34     LinterVisitor.visitExpression (package:custom_lint_core/src/node_lint_visitor.g.dart:370:11)
[WrapWithConsumer] 2023-12-18T00:26:58.446075 #35     GeneralizingAstVisitor.visitInstanceCreationExpression (package:analyzer/dart/ast/visitor.dart:443:7)
[WrapWithConsumer] 2023-12-18T00:26:58.446075 #36     LinterVisitor.visitInstanceCreationExpression (package:custom_lint_core/src/node_lint_visitor.g.dart:610:11)
[WrapWithConsumer] 2023-12-18T00:26:58.446075 #37     InstanceCreationExpressionImpl.accept (package:analyzer/src/dart/ast/ast.dart:10462:15)
[WrapWithConsumer] 2023-12-18T00:26:58.446075 #38     NamedExpressionImpl.visitChildren (package:analyzer/src/dart/ast/ast.dart:12584:17)
[WrapWithConsumer] 2023-12-18T00:26:58.446075 #39     GeneralizingAstVisitor.visitNode (package:analyzer/dart/ast/visitor.dart:535:10)
[WrapWithConsumer] 2023-12-18T00:26:58.446075 #40     LinterVisitor.visitNode (package:custom_lint_core/src/node_lint_visitor.g.dart:784:11)
[WrapWithConsumer] 2023-12-18T00:26:58.446075 #41     GeneralizingAstVisitor.visitCollectionElement (package:analyzer/dart/ast/visitor.dart:208:56)
[WrapWithConsumer] 2023-12-18T00:26:58.446075 #42     LinterVisitor.visitCollectionElement (package:custom_lint_core/src/node_lint_visitor.g.dart:184:11)
[WrapWithConsumer] 2023-12-18T00:26:58.446075 #43     GeneralizingAstVisitor.visitExpression (package:analyzer/dart/ast/visitor.dart:305:42)
[WrapWithConsumer] 2023-12-18T00:26:58.446075 #44     LinterVisitor.visitExpression (package:custom_lint_core/src/node_lint_visitor.g.dart:370:11)
[WrapWithConsumer] 2023-12-18T00:26:58.446075 #45     GeneralizingAstVisitor.visitNamedExpression (package:analyzer/dart/ast/visitor.dart:519:52)
[WrapWithConsumer] 2023-12-18T00:26:58.446075 #46     LinterVisitor.visitNamedExpression (package:custom_lint_core/src/node_lint_visitor.g.dart:754:11)
[WrapWithConsumer] 2023-12-18T00:26:58.446075 #47     NamedExpressionImpl.accept (package:analyzer/src/dart/ast/ast.dart:12574:50)
[WrapWithConsumer] 2023-12-18T00:26:58.446075 #48     NodeListImpl.accept (package:analyzer/src/dart/ast/ast.dart:12998:20)
[WrapWithConsumer] 2023-12-18T00:26:58.446075 #49     ArgumentListImpl.visitChildren (package:analyzer/src/dart/ast/ast.dart:510:16)
[WrapWithConsumer] 2023-12-18T00:26:58.446075 #50     GeneralizingAstVisitor.visitNode (package:analyzer/dart/ast/visitor.dart:535:10)
[WrapWithConsumer] 2023-12-18T00:26:58.446075 #51     LinterVisitor.visitNode (package:custom_lint_core/src/node_lint_visitor.g.dart:784:11)
[WrapWithConsumer] 2023-12-18T00:26:58.446075 #52     GeneralizingAstVisitor.visitArgumentList (package:analyzer/dart/ast/visitor.dart:143:46)
[WrapWithConsumer] 2023-12-18T00:26:58.446075 #53     LinterVisitor.visitArgumentList (package:custom_lint_core/src/node_lint_visitor.g.dart:58:11)
[WrapWithConsumer] 2023-12-18T00:26:58.446075 #54     ArgumentListImpl.accept (package:analyzer/src/dart/ast/ast.dart:506:50)
[WrapWithConsumer] 2023-12-18T00:26:58.446075 #55     InstanceCreationExpressionImpl.visitChildren (package:analyzer/src/dart/ast/ast.dart:10473:19)
[WrapWithConsumer] 2023-12-18T00:26:58.446075 #56     GeneralizingAstVisitor.visitNode (package:analyzer/dart/ast/visitor.dart:535:10)
[WrapWithConsumer] 2023-12-18T00:26:58.446075 #57     LinterVisitor.visitNode (package:custom_lint_core/src/node_lint_visitor.g.dart:784:11)
[WrapWithConsumer] 2023-12-18T00:26:58.446075 #58     GeneralizingAstVisitor.visitCollectionElement (package:analyzer/dart/ast/visitor.dart:208:56)
[WrapWithConsumer] 2023-12-18T00:26:58.446075 #59     LinterVisitor.visitCollectionElement (package:custom_lint_core/src/node_lint_visitor.g.dart:184:11)
[WrapWithConsumer] 2023-12-18T00:26:58.446075 #60     GeneralizingAstVisitor.visitExpression (package:analyzer/dart/ast/visitor.dart:305:42)
[WrapWithConsumer] 2023-12-18T00:26:58.446075 #61     LinterVisitor.visitExpression (package:custom_lint_core/src/node_lint_visitor.g.dart:370:11)
[WrapWithConsumer] 2023-12-18T00:26:58.446075 #62     GeneralizingAstVisitor.visitInstanceCreationExpression (package:analyzer/dart/ast/visitor.dart:443:7)
[WrapWithConsumer] 2023-12-18T00:26:58.446075 #63     LinterVisitor.visitInstanceCreationExpression (package:custom_lint_core/src/node_lint_visitor.g.dart:610:11)
[WrapWithConsumer] 2023-12-18T00:26:58.446075 #64     InstanceCreationExpressionImpl.accept (package:analyzer/src/dart/ast/ast.dart:10462:15)
[WrapWithConsumer] 2023-12-18T00:26:58.446075 #65     ReturnStatementImpl.visitChildren (package:analyzer/src/dart/ast/ast.dart:15652:18)
[WrapWithConsumer] 2023-12-18T00:26:58.446075 #66     GeneralizingAstVisitor.visitNode (package:analyzer/dart/ast/visitor.dart:535:10)
[WrapWithConsumer] 2023-12-18T00:26:58.446075 #67     LinterVisitor.visitNode (package:custom_lint_core/src/node_lint_visitor.g.dart:784:11)
[WrapWithConsumer] 2023-12-18T00:26:58.446075 #68     GeneralizingAstVisitor.visitStatement (package:analyzer/dart/ast/visitor.dart:679:40)
[WrapWithConsumer] 2023-12-18T00:26:58.446075 #69     LinterVisitor.visitStatement (package:custom_lint_core/src/node_lint_visitor.g.dart:1029:11)
[WrapWithConsumer] 2023-12-18T00:26:58.446075 #70     GeneralizingAstVisitor.visitReturnStatement (package:analyzer/dart/ast/visitor.dart:651:52)
[WrapWithConsumer] 2023-12-18T00:26:58.446075 #71     LinterVisitor.visitReturnStatement (package:custom_lint_core/src/node_lint_visitor.g.dart:975:11)
[WrapWithConsumer] 2023-12-18T00:26:58.446075 #72     ReturnStatementImpl.accept (package:analyzer/src/dart/ast/ast.dart:15648:50)
[WrapWithConsumer] 2023-12-18T00:26:58.446075 #73     NodeListImpl.accept (package:analyzer/src/dart/ast/ast.dart:12998:20)
[WrapWithConsumer] 2023-12-18T00:26:58.446075 #74     BlockImpl.visitChildren (package:analyzer/src/dart/ast/ast.dart:1979:17)
[WrapWithConsumer] 2023-12-18T00:26:58.446075 #75     GeneralizingAstVisitor.visitNode (package:analyzer/dart/ast/visitor.dart:535:10)
[WrapWithConsumer] 2023-12-18T00:26:58.446075 #76     LinterVisitor.visitNode (package:custom_lint_core/src/node_lint_visitor.g.dart:784:11)
[WrapWithConsumer] 2023-12-18T00:26:58.446075 #77     GeneralizingAstVisitor.visitStatement (package:analyzer/dart/ast/visitor.dart:679:40)
[WrapWithConsumer] 2023-12-18T00:26:58.446075 #78     LinterVisitor.visitStatement (package:custom_lint_core/src/node_lint_visitor.g.dart:1029:11)
[WrapWithConsumer] 2023-12-18T00:26:58.446075 #79     GeneralizingAstVisitor.visitBlock (package:analyzer/dart/ast/visitor.dart:173:32)
[WrapWithConsumer] 2023-12-18T00:26:58.446075 #80     LinterVisitor.visitBlock (package:custom_lint_core/src/node_lint_visitor.g.dart:112:11)
[WrapWithConsumer] 2023-12-18T00:26:58.446075 #81     BlockImpl.accept (package:analyzer/src/dart/ast/ast.dart:1975:50)
[WrapWithConsumer] 2023-12-18T00:26:58.446075 #82     BlockFunctionBodyImpl.visitChildren (package:analyzer/src/dart/ast/ast.dart:1930:12)
[WrapWithConsumer] 2023-12-18T00:26:58.446075 #83     GeneralizingAstVisitor.visitNode (package:analyzer/dart/ast/visitor.dart:535:10)
[WrapWithConsumer] 2023-12-18T00:26:58.446075 #84     LinterVisitor.visitNode (package:custom_lint_core/src/node_lint_visitor.g.dart:784:11)
[WrapWithConsumer] 2023-12-18T00:26:58.446075 #85     GeneralizingAstVisitor.visitFunctionBody (package:analyzer/dart/ast/visitor.dart:373:46)
[WrapWithConsumer] 2023-12-18T00:26:58.446075 #86     LinterVisitor.visitFunctionBody (package:custom_lint_core/src/node_lint_visitor.g.dart:490:11)
[WrapWithConsumer] 2023-12-18T00:26:58.446075 #87     GeneralizingAstVisitor.visitBlockFunctionBody (package:analyzer/dart/ast/visitor.dart:176:56)
[WrapWithConsumer] 2023-12-18T00:26:58.446075 #88     LinterVisitor.visitBlockFunctionBody (package:custom_lint_core/src/node_lint_visitor.g.dart:118:11)
[WrapWithConsumer] 2023-12-18T00:26:58.446075 #89     BlockFunctionBodyImpl.accept (package:analyzer/src/dart/ast/ast.dart:1922:50)
[WrapWithConsumer] 2023-12-18T00:26:58.446075 #90     MethodDeclarationImpl.visitChildren (package:analyzer/src/dart/ast/ast.dart:12125:10)
[WrapWithConsumer] 2023-12-18T00:26:58.446075 #91     GeneralizingAstVisitor.visitNode (package:analyzer/dart/ast/visitor.dart:535:10)
[WrapWithConsumer] 2023-12-18T00:26:58.446075 #92     LinterVisitor.visitNode (package:custom_lint_core/src/node_lint_visitor.g.dart:784:11)
[WrapWithConsumer] 2023-12-18T00:26:58.446075 #93     GeneralizingAstVisitor.visitAnnotatedNode (package:analyzer/dart/ast/visitor.dart:137:48)
[WrapWithConsumer] 2023-12-18T00:26:58.446075 #94     LinterVisitor.visitAnnotatedNode (package:custom_lint_core/src/node_lint_visitor.g.dart:46:11)
[WrapWithConsumer] 2023-12-18T00:26:58.446075 #95     GeneralizingAstVisitor.visitDeclaration (package:analyzer/dart/ast/visitor.dart:260:44)
[WrapWithConsumer] 2023-12-18T00:26:58.446075 #96     LinterVisitor.visitDeclaration (package:custom_lint_core/src/node_lint_visitor.g.dart:286:11)
[WrapWithConsumer] 2023-12-18T00:26:58.446075 #97     GeneralizingAstVisitor.visitClassMember (package:analyzer/dart/ast/visitor.dart:203:44)
[WrapWithConsumer] 2023-12-18T00:26:58.446075 #98     LinterVisitor.visitClassMember (package:custom_lint_core/src/node_lint_visitor.g.dart:172:11)
[WrapWithConsumer] 2023-12-18T00:26:58.446075 #99     GeneralizingAstVisitor.visitMethodDeclaration (package:analyzer/dart/ast/visitor.dart:505:56)
[WrapWithConsumer] 2023-12-18T00:26:58.446075 #100    LinterVisitor.visitMethodDeclaration (package:custom_lint_core/src/node_lint_visitor.g.dart:730:11)
[WrapWithConsumer] 2023-12-18T00:26:58.446075 #101    MethodDeclarationImpl.accept (package:analyzer/src/dart/ast/ast.dart:12117:50)
[WrapWithConsumer] 2023-12-18T00:26:58.446075 #102    NodeListImpl.accept (package:analyzer/src/dart/ast/ast.dart:12998:20)
[WrapWithConsumer] 2023-12-18T00:26:58.446075 #103    ClassDeclarationImpl.visitChildren (package:analyzer/src/dart/ast/ast.dart:2903:13)
[WrapWithConsumer] 2023-12-18T00:26:58.446075 #104    GeneralizingAstVisitor.visitNode (package:analyzer/dart/ast/visitor.dart:535:10)
[WrapWithConsumer] 2023-12-18T00:26:58.446075 #105    LinterVisitor.visitNode (package:custom_lint_core/src/node_lint_visitor.g.dart:784:11)
[WrapWithConsumer] 2023-12-18T00:26:58.446075 #106    GeneralizingAstVisitor.visitAnnotatedNode (package:analyzer/dart/ast/visitor.dart:137:48)
[WrapWithConsumer] 2023-12-18T00:26:58.446075 #107    LinterVisitor.visitAnnotatedNode (package:custom_lint_core/src/node_lint_visitor.g.dart:46:11)
[WrapWithConsumer] 2023-12-18T00:26:58.446075 #108    GeneralizingAstVisitor.visitDeclaration (package:analyzer/dart/ast/visitor.dart:260:44)
[WrapWithConsumer] 2023-12-18T00:26:58.446075 #109    LinterVisitor.visitDeclaration (package:custom_lint_core/src/node_lint_visitor.g.dart:286:11)
[WrapWithConsumer] 2023-12-18T00:26:58.446075 #110    GeneralizingAstVisitor.visitCompilationUnitMember (package:analyzer/dart/ast/visitor.dart:222:7)
[WrapWithConsumer] 2023-12-18T00:26:58.446075 #111    LinterVisitor.visitCompilationUnitMember (package:custom_lint_core/src/node_lint_visitor.g.dart:214:11)
[WrapWithConsumer] 2023-12-18T00:26:58.446075 #112    GeneralizingAstVisitor.visitNamedCompilationUnitMember (package:analyzer/dart/ast/visitor.dart:516:7)
[WrapWithConsumer] 2023-12-18T00:26:58.446075 #113    LinterVisitor.visitNamedCompilationUnitMember (package:custom_lint_core/src/node_lint_visitor.g.dart:748:11)
[WrapWithConsumer] 2023-12-18T00:26:58.446075 #114    GeneralizingAstVisitor.visitClassDeclaration (package:analyzer/dart/ast/visitor.dart:201:7)
[WrapWithConsumer] 2023-12-18T00:26:58.446075 #115    LinterVisitor.visitClassDeclaration (package:custom_lint_core/src/node_lint_visitor.g.dart:166:11)
[WrapWithConsumer] 2023-12-18T00:26:58.446075 #116    ClassDeclarationImpl.accept (package:analyzer/src/dart/ast/ast.dart:2893:50)
[WrapWithConsumer] 2023-12-18T00:26:58.446075 #117    NodeListImpl.accept (package:analyzer/src/dart/ast/ast.dart:12998:20)
[WrapWithConsumer] 2023-12-18T00:26:58.446075 #118    CompilationUnitImpl.visitChildren (package:analyzer/src/dart/ast/ast.dart:3631:21)
[WrapWithConsumer] 2023-12-18T00:26:58.446075 #119    GeneralizingAstVisitor.visitNode (package:analyzer/dart/ast/visitor.dart:535:10)
[WrapWithConsumer] 2023-12-18T00:26:58.446075 #120    LinterVisitor.visitNode (package:custom_lint_core/src/node_lint_visitor.g.dart:784:11)
[WrapWithConsumer] 2023-12-18T00:26:58.446075 #121    GeneralizingAstVisitor.visitCompilationUnit (package:analyzer/dart/ast/visitor.dart:219:52)
[WrapWithConsumer] 2023-12-18T00:26:58.446075 #122    LinterVisitor.visitCompilationUnit (package:custom_lint_core/src/node_lint_visitor.g.dart:208:11)
[WrapWithConsumer] 2023-12-18T00:26:58.446075 #123    CompilationUnitImpl.accept (package:analyzer/src/dart/ast/ast.dart:3624:50)
[WrapWithConsumer] 2023-12-18T00:26:58.446075 #124    DartAssist.startUp.<anonymous closure> (package:custom_lint_core/src/assist.dart:81:17)
[WrapWithConsumer] 2023-12-18T00:26:58.446075 #125    _rootRun (dart:async/zone.dart:1399:13)
[WrapWithConsumer] 2023-12-18T00:26:58.446075 #126    _CustomZone.run (dart:async/zone.dart:1301:19)
[WrapWithConsumer] 2023-12-18T00:26:58.446075 #127    _CustomZone.bindCallback.<anonymous closure> (dart:async/zone.dart:1233:23)
[WrapWithConsumer] 2023-12-18T00:26:58.446075 #128    runPostRunCallbacks (package:custom_lint_core/src/plugin_base.dart:16:19)
[WrapWithConsumer] 2023-12-18T00:26:58.446075 #129    _ClientAnalyzerPlugin.handleEditGetAssists (package:custom_lint_builder/src/client.dart:463:5)
[WrapWithConsumer] 2023-12-18T00:26:58.446075 <asynchronous suspension>
[WrapWithConsumer] 2023-12-18T00:26:58.446075 #130    ServerPlugin._getResponse (package:analyzer_plugin/plugin/plugin.dart:556:18)
[WrapWithConsumer] 2023-12-18T00:26:58.446075 <asynchronous suspension>
[WrapWithConsumer] 2023-12-18T00:26:58.446075 #131    ServerPlugin._onRequest (package:analyzer_plugin/plugin/plugin.dart:599:18)
[WrapWithConsumer] 2023-12-18T00:26:58.446075 <asynchronous suspension>
[WrapWithConsumer] 2023-12-18T00:26:58.446075
[WrapWithProviderScope] 2023-12-18T00:26:58.448187 Plugin WrapWithProviderScope threw while analyzing /Users/dmonster/FlutterApps/app3-v1.0.2/lib/presentation/login_screen/login_screen.dart:
[WrapWithProviderScope] 2023-12-18T00:26:58.448187 InconsistentAnalysisException: Requested result might be inconsistent with previously returned results
[WrapWithProviderScope] 2023-12-18T00:26:58.448187
[WrapWithProviderScope] 2023-12-18T00:26:58.448187 #0      AnalysisSessionImpl._checkConsistency (package:analyzer/src/dart/analysis/session.dart:135:7)
[WrapWithProviderScope] 2023-12-18T00:26:58.448187 #1      AnalysisSessionImpl.getResolvedUnit (package:analyzer/src/dart/analysis/session.dart:121:5)
[WrapWithProviderScope] 2023-12-18T00:26:58.448187 #2      ChangeBuilderImpl._createDartFileEditBuilder (package:analyzer_plugin/src/utilities/change_builder/change_builder_core.dart:287:33)
[WrapWithProviderScope] 2023-12-18T00:26:58.448187 #3      ChangeBuilderImpl.addDartFileEdit (package:analyzer_plugin/src/utilities/change_builder/change_builder_core.dart:136:23)
[WrapWithProviderScope] 2023-12-18T00:26:58.448187 #4      _ChangeBuilderImpl.addDartFileEdit (package:custom_lint_core/src/change_reporter.dart:116:33)
[WrapWithProviderScope] 2023-12-18T00:26:58.448187 #5      WrapWithProviderScope.run.<anonymous closure> (package:riverpod_lint/src/assists/wrap_with_provider_scope.dart:33:21)
[WrapWithProviderScope] 2023-12-18T00:26:58.448187 #6      _rootRunUnary (dart:async/zone.dart:1415:13)
[WrapWithProviderScope] 2023-12-18T00:26:58.448187 #7      _CustomZone.runUnary (dart:async/zone.dart:1308:19)
[WrapWithProviderScope] 2023-12-18T00:26:58.448187 #8      LinterVisitor._runSubscriptions (package:custom_lint_core/src/node_lint_visitor.g.dart:29:27)
[WrapWithProviderScope] 2023-12-18T00:26:58.448187 #9      LinterVisitor.visitInstanceCreationExpression (package:custom_lint_core/src/node_lint_visitor.g.dart:609:5)
[WrapWithProviderScope] 2023-12-18T00:26:58.448187 #10     InstanceCreationExpressionImpl.accept (package:analyzer/src/dart/ast/ast.dart:10462:15)
[WrapWithProviderScope] 2023-12-18T00:26:58.448187 #11     NamedExpressionImpl.visitChildren (package:analyzer/src/dart/ast/ast.dart:12584:17)
[WrapWithProviderScope] 2023-12-18T00:26:58.448187 #12     GeneralizingAstVisitor.visitNode (package:analyzer/dart/ast/visitor.dart:535:10)
[WrapWithProviderScope] 2023-12-18T00:26:58.448187 #13     LinterVisitor.visitNode (package:custom_lint_core/src/node_lint_visitor.g.dart:784:11)
[WrapWithProviderScope] 2023-12-18T00:26:58.448187 #14     GeneralizingAstVisitor.visitCollectionElement (package:analyzer/dart/ast/visitor.dart:208:56)
[WrapWithProviderScope] 2023-12-18T00:26:58.448187 #15     LinterVisitor.visitCollectionElement (package:custom_lint_core/src/node_lint_visitor.g.dart:184:11)
[WrapWithProviderScope] 2023-12-18T00:26:58.448187 #16     GeneralizingAstVisitor.visitExpression (package:analyzer/dart/ast/visitor.dart:305:42)
[WrapWithProviderScope] 2023-12-18T00:26:58.448187 #17     LinterVisitor.visitExpression (package:custom_lint_core/src/node_lint_visitor.g.dart:370:11)
[WrapWithProviderScope] 2023-12-18T00:26:58.448187 #18     GeneralizingAstVisitor.visitNamedExpression (package:analyzer/dart/ast/visitor.dart:519:52)
[WrapWithProviderScope] 2023-12-18T00:26:58.448187 #19     LinterVisitor.visitNamedExpression (package:custom_lint_core/src/node_lint_visitor.g.dart:754:11)
[WrapWithProviderScope] 2023-12-18T00:26:58.448187 #20     NamedExpressionImpl.accept (package:analyzer/src/dart/ast/ast.dart:12574:50)
[WrapWithProviderScope] 2023-12-18T00:26:58.448187 #21     NodeListImpl.accept (package:analyzer/src/dart/ast/ast.dart:12998:20)
[WrapWithProviderScope] 2023-12-18T00:26:58.448187 #22     ArgumentListImpl.visitChildren (package:analyzer/src/dart/ast/ast.dart:510:16)
[WrapWithProviderScope] 2023-12-18T00:26:58.448187 #23     GeneralizingAstVisitor.visitNode (package:analyzer/dart/ast/visitor.dart:535:10)
[WrapWithProviderScope] 2023-12-18T00:26:58.448187 #24     LinterVisitor.visitNode (package:custom_lint_core/src/node_lint_visitor.g.dart:784:11)
[WrapWithProviderScope] 2023-12-18T00:26:58.448187 #25     GeneralizingAstVisitor.visitArgumentList (package:analyzer/dart/ast/visitor.dart:143:46)
[WrapWithProviderScope] 2023-12-18T00:26:58.448187 #26     LinterVisitor.visitArgumentList (package:custom_lint_core/src/node_lint_visitor.g.dart:58:11)
[WrapWithProviderScope] 2023-12-18T00:26:58.448187 #27     ArgumentListImpl.accept (package:analyzer/src/dart/ast/ast.dart:506:50)
[WrapWithProviderScope] 2023-12-18T00:26:58.448187 #28     InstanceCreationExpressionImpl.visitChildren (package:analyzer/src/dart/ast/ast.dart:10473:19)
[WrapWithProviderScope] 2023-12-18T00:26:58.448187 #29     GeneralizingAstVisitor.visitNode (package:analyzer/dart/ast/visitor.dart:535:10)
[WrapWithProviderScope] 2023-12-18T00:26:58.448187 #30     LinterVisitor.visitNode (package:custom_lint_core/src/node_lint_visitor.g.dart:784:11)
[WrapWithProviderScope] 2023-12-18T00:26:58.448187 #31     GeneralizingAstVisitor.visitCollectionElement (package:analyzer/dart/ast/visitor.dart:208:56)
[WrapWithProviderScope] 2023-12-18T00:26:58.448187 #32     LinterVisitor.visitCollectionElement (package:custom_lint_core/src/node_lint_visitor.g.dart:184:11)
[WrapWithProviderScope] 2023-12-18T00:26:58.448187 #33     GeneralizingAstVisitor.visitExpression (package:analyzer/dart/ast/visitor.dart:305:42)
[WrapWithProviderScope] 2023-12-18T00:26:58.448187 #34     LinterVisitor.visitExpression (package:custom_lint_core/src/node_lint_visitor.g.dart:370:11)
[WrapWithProviderScope] 2023-12-18T00:26:58.448187 #35     GeneralizingAstVisitor.visitInstanceCreationExpression (package:analyzer/dart/ast/visitor.dart:443:7)
[WrapWithProviderScope] 2023-12-18T00:26:58.448187 #36     LinterVisitor.visitInstanceCreationExpression (package:custom_lint_core/src/node_lint_visitor.g.dart:610:11)
[WrapWithProviderScope] 2023-12-18T00:26:58.448187 #37     InstanceCreationExpressionImpl.accept (package:analyzer/src/dart/ast/ast.dart:10462:15)
[WrapWithProviderScope] 2023-12-18T00:26:58.448187 #38     NamedExpressionImpl.visitChildren (package:analyzer/src/dart/ast/ast.dart:12584:17)
[WrapWithProviderScope] 2023-12-18T00:26:58.448187 #39     GeneralizingAstVisitor.visitNode (package:analyzer/dart/ast/visitor.dart:535:10)
[WrapWithProviderScope] 2023-12-18T00:26:58.448187 #40     LinterVisitor.visitNode (package:custom_lint_core/src/node_lint_visitor.g.dart:784:11)
[WrapWithProviderScope] 2023-12-18T00:26:58.448187 #41     GeneralizingAstVisitor.visitCollectionElement (package:analyzer/dart/ast/visitor.dart:208:56)
[WrapWithProviderScope] 2023-12-18T00:26:58.448187 #42     LinterVisitor.visitCollectionElement (package:custom_lint_core/src/node_lint_visitor.g.dart:184:11)
[WrapWithProviderScope] 2023-12-18T00:26:58.448187 #43     GeneralizingAstVisitor.visitExpression (package:analyzer/dart/ast/visitor.dart:305:42)
[WrapWithProviderScope] 2023-12-18T00:26:58.448187 #44     LinterVisitor.visitExpression (package:custom_lint_core/src/node_lint_visitor.g.dart:370:11)
[WrapWithProviderScope] 2023-12-18T00:26:58.448187 #45     GeneralizingAstVisitor.visitNamedExpression (package:analyzer/dart/ast/visitor.dart:519:52)
[WrapWithProviderScope] 2023-12-18T00:26:58.448187 #46     LinterVisitor.visitNamedExpression (package:custom_lint_core/src/node_lint_visitor.g.dart:754:11)
[WrapWithProviderScope] 2023-12-18T00:26:58.448187 #47     NamedExpressionImpl.accept (package:analyzer/src/dart/ast/ast.dart:12574:50)
[WrapWithProviderScope] 2023-12-18T00:26:58.448187 #48     NodeListImpl.accept (package:analyzer/src/dart/ast/ast.dart:12998:20)
[WrapWithProviderScope] 2023-12-18T00:26:58.448187 #49     ArgumentListImpl.visitChildren (package:analyzer/src/dart/ast/ast.dart:510:16)
[WrapWithProviderScope] 2023-12-18T00:26:58.448187 #50     GeneralizingAstVisitor.visitNode (package:analyzer/dart/ast/visitor.dart:535:10)
[WrapWithProviderScope] 2023-12-18T00:26:58.448187 #51     LinterVisitor.visitNode (package:custom_lint_core/src/node_lint_visitor.g.dart:784:11)
[WrapWithProviderScope] 2023-12-18T00:26:58.448187 #52     GeneralizingAstVisitor.visitArgumentList (package:analyzer/dart/ast/visitor.dart:143:46)
[WrapWithProviderScope] 2023-12-18T00:26:58.448187 #53     LinterVisitor.visitArgumentList (package:custom_lint_core/src/node_lint_visitor.g.dart:58:11)
[WrapWithProviderScope] 2023-12-18T00:26:58.448187 #54     ArgumentListImpl.accept (package:analyzer/src/dart/ast/ast.dart:506:50)
[WrapWithProviderScope] 2023-12-18T00:26:58.448187 #55     InstanceCreationExpressionImpl.visitChildren (package:analyzer/src/dart/ast/ast.dart:10473:19)
[WrapWithProviderScope] 2023-12-18T00:26:58.448187 #56     GeneralizingAstVisitor.visitNode (package:analyzer/dart/ast/visitor.dart:535:10)
[WrapWithProviderScope] 2023-12-18T00:26:58.448187 #57     LinterVisitor.visitNode (package:custom_lint_core/src/node_lint_visitor.g.dart:784:11)
[WrapWithProviderScope] 2023-12-18T00:26:58.448187 #58     GeneralizingAstVisitor.visitCollectionElement (package:analyzer/dart/ast/visitor.dart:208:56)
[WrapWithProviderScope] 2023-12-18T00:26:58.448187 #59     LinterVisitor.visitCollectionElement (package:custom_lint_core/src/node_lint_visitor.g.dart:184:11)
[WrapWithProviderScope] 2023-12-18T00:26:58.448187 #60     GeneralizingAstVisitor.visitExpression (package:analyzer/dart/ast/visitor.dart:305:42)
[WrapWithProviderScope] 2023-12-18T00:26:58.448187 #61     LinterVisitor.visitExpression (package:custom_lint_core/src/node_lint_visitor.g.dart:370:11)
[WrapWithProviderScope] 2023-12-18T00:26:58.448187 #62     GeneralizingAstVisitor.visitInstanceCreationExpression (package:analyzer/dart/ast/visitor.dart:443:7)
[WrapWithProviderScope] 2023-12-18T00:26:58.448187 #63     LinterVisitor.visitInstanceCreationExpression (package:custom_lint_core/src/node_lint_visitor.g.dart:610:11)
[WrapWithProviderScope] 2023-12-18T00:26:58.448187 #64     InstanceCreationExpressionImpl.accept (package:analyzer/src/dart/ast/ast.dart:10462:15)
[WrapWithProviderScope] 2023-12-18T00:26:58.448187 #65     ReturnStatementImpl.visitChildren (package:analyzer/src/dart/ast/ast.dart:15652:18)
[WrapWithProviderScope] 2023-12-18T00:26:58.448187 #66     GeneralizingAstVisitor.visitNode (package:analyzer/dart/ast/visitor.dart:535:10)
[WrapWithProviderScope] 2023-12-18T00:26:58.448187 #67     LinterVisitor.visitNode (package:custom_lint_core/src/node_lint_visitor.g.dart:784:11)
[WrapWithProviderScope] 2023-12-18T00:26:58.448187 #68     GeneralizingAstVisitor.visitStatement (package:analyzer/dart/ast/visitor.dart:679:40)
[WrapWithProviderScope] 2023-12-18T00:26:58.448187 #69     LinterVisitor.visitStatement (package:custom_lint_core/src/node_lint_visitor.g.dart:1029:11)
[WrapWithProviderScope] 2023-12-18T00:26:58.448187 #70     GeneralizingAstVisitor.visitReturnStatement (package:analyzer/dart/ast/visitor.dart:651:52)
[WrapWithProviderScope] 2023-12-18T00:26:58.448187 #71     LinterVisitor.visitReturnStatement (package:custom_lint_core/src/node_lint_visitor.g.dart:975:11)
[WrapWithProviderScope] 2023-12-18T00:26:58.448187 #72     ReturnStatementImpl.accept (package:analyzer/src/dart/ast/ast.dart:15648:50)
[WrapWithProviderScope] 2023-12-18T00:26:58.448187 #73     NodeListImpl.accept (package:analyzer/src/dart/ast/ast.dart:12998:20)
[WrapWithProviderScope] 2023-12-18T00:26:58.448187 #74     BlockImpl.visitChildren (package:analyzer/src/dart/ast/ast.dart:1979:17)
[WrapWithProviderScope] 2023-12-18T00:26:58.448187 #75     GeneralizingAstVisitor.visitNode (package:analyzer/dart/ast/visitor.dart:535:10)
[WrapWithProviderScope] 2023-12-18T00:26:58.448187 #76     LinterVisitor.visitNode (package:custom_lint_core/src/node_lint_visitor.g.dart:784:11)
[WrapWithProviderScope] 2023-12-18T00:26:58.448187 #77     GeneralizingAstVisitor.visitStatement (package:analyzer/dart/ast/visitor.dart:679:40)
[WrapWithProviderScope] 2023-12-18T00:26:58.448187 #78     LinterVisitor.visitStatement (package:custom_lint_core/src/node_lint_visitor.g.dart:1029:11)
[WrapWithProviderScope] 2023-12-18T00:26:58.448187 #79     GeneralizingAstVisitor.visitBlock (package:analyzer/dart/ast/visitor.dart:173:32)
[WrapWithProviderScope] 2023-12-18T00:26:58.448187 #80     LinterVisitor.visitBlock (package:custom_lint_core/src/node_lint_visitor.g.dart:112:11)
[WrapWithProviderScope] 2023-12-18T00:26:58.448187 #81     BlockImpl.accept (package:analyzer/src/dart/ast/ast.dart:1975:50)
[WrapWithProviderScope] 2023-12-18T00:26:58.448187 #82     BlockFunctionBodyImpl.visitChildren (package:analyzer/src/dart/ast/ast.dart:1930:12)
[WrapWithProviderScope] 2023-12-18T00:26:58.448187 #83     GeneralizingAstVisitor.visitNode (package:analyzer/dart/ast/visitor.dart:535:10)
[WrapWithProviderScope] 2023-12-18T00:26:58.448187 #84     LinterVisitor.visitNode (package:custom_lint_core/src/node_lint_visitor.g.dart:784:11)
[WrapWithProviderScope] 2023-12-18T00:26:58.448187 #85     GeneralizingAstVisitor.visitFunctionBody (package:analyzer/dart/ast/visitor.dart:373:46)
[WrapWithProviderScope] 2023-12-18T00:26:58.448187 #86     LinterVisitor.visitFunctionBody (package:custom_lint_core/src/node_lint_visitor.g.dart:490:11)
[WrapWithProviderScope] 2023-12-18T00:26:58.448187 #87     GeneralizingAstVisitor.visitBlockFunctionBody (package:analyzer/dart/ast/visitor.dart:176:56)
[WrapWithProviderScope] 2023-12-18T00:26:58.448187 #88     LinterVisitor.visitBlockFunctionBody (package:custom_lint_core/src/node_lint_visitor.g.dart:118:11)
[WrapWithProviderScope] 2023-12-18T00:26:58.448187 #89     BlockFunctionBodyImpl.accept (package:analyzer/src/dart/ast/ast.dart:1922:50)
[WrapWithProviderScope] 2023-12-18T00:26:58.448187 #90     MethodDeclarationImpl.visitChildren (package:analyzer/src/dart/ast/ast.dart:12125:10)
[WrapWithProviderScope] 2023-12-18T00:26:58.448187 #91     GeneralizingAstVisitor.visitNode (package:analyzer/dart/ast/visitor.dart:535:10)
[WrapWithProviderScope] 2023-12-18T00:26:58.448187 #92     LinterVisitor.visitNode (package:custom_lint_core/src/node_lint_visitor.g.dart:784:11)
[WrapWithProviderScope] 2023-12-18T00:26:58.448187 #93     GeneralizingAstVisitor.visitAnnotatedNode (package:analyzer/dart/ast/visitor.dart:137:48)
[WrapWithProviderScope] 2023-12-18T00:26:58.448187 #94     LinterVisitor.visitAnnotatedNode (package:custom_lint_core/src/node_lint_visitor.g.dart:46:11)
[WrapWithProviderScope] 2023-12-18T00:26:58.448187 #95     GeneralizingAstVisitor.visitDeclaration (package:analyzer/dart/ast/visitor.dart:260:44)
[WrapWithProviderScope] 2023-12-18T00:26:58.448187 #96     LinterVisitor.visitDeclaration (package:custom_lint_core/src/node_lint_visitor.g.dart:286:11)
[WrapWithProviderScope] 2023-12-18T00:26:58.448187 #97     GeneralizingAstVisitor.visitClassMember (package:analyzer/dart/ast/visitor.dart:203:44)
[WrapWithProviderScope] 2023-12-18T00:26:58.448187 #98     LinterVisitor.visitClassMember (package:custom_lint_core/src/node_lint_visitor.g.dart:172:11)
[WrapWithProviderScope] 2023-12-18T00:26:58.448187 #99     GeneralizingAstVisitor.visitMethodDeclaration (package:analyzer/dart/ast/visitor.dart:505:56)
[WrapWithProviderScope] 2023-12-18T00:26:58.448187 #100    LinterVisitor.visitMethodDeclaration (package:custom_lint_core/src/node_lint_visitor.g.dart:730:11)
[WrapWithProviderScope] 2023-12-18T00:26:58.448187 #101    MethodDeclarationImpl.accept (package:analyzer/src/dart/ast/ast.dart:12117:50)
[WrapWithProviderScope] 2023-12-18T00:26:58.448187 #102    NodeListImpl.accept (package:analyzer/src/dart/ast/ast.dart:12998:20)
[WrapWithProviderScope] 2023-12-18T00:26:58.448187 #103    ClassDeclarationImpl.visitChildren (package:analyzer/src/dart/ast/ast.dart:2903:13)
[WrapWithProviderScope] 2023-12-18T00:26:58.448187 #104    GeneralizingAstVisitor.visitNode (package:analyzer/dart/ast/visitor.dart:535:10)
[WrapWithProviderScope] 2023-12-18T00:26:58.448187 #105    LinterVisitor.visitNode (package:custom_lint_core/src/node_lint_visitor.g.dart:784:11)
[WrapWithProviderScope] 2023-12-18T00:26:58.448187 #106    GeneralizingAstVisitor.visitAnnotatedNode (package:analyzer/dart/ast/visitor.dart:137:48)
[WrapWithProviderScope] 2023-12-18T00:26:58.448187 #107    LinterVisitor.visitAnnotatedNode (package:custom_lint_core/src/node_lint_visitor.g.dart:46:11)
[WrapWithProviderScope] 2023-12-18T00:26:58.448187 #108    GeneralizingAstVisitor.visitDeclaration (package:analyzer/dart/ast/visitor.dart:260:44)
[WrapWithProviderScope] 2023-12-18T00:26:58.448187 #109    LinterVisitor.visitDeclaration (package:custom_lint_core/src/node_lint_visitor.g.dart:286:11)
[WrapWithProviderScope] 2023-12-18T00:26:58.448187 #110    GeneralizingAstVisitor.visitCompilationUnitMember (package:analyzer/dart/ast/visitor.dart:222:7)
[WrapWithProviderScope] 2023-12-18T00:26:58.448187 #111    LinterVisitor.visitCompilationUnitMember (package:custom_lint_core/src/node_lint_visitor.g.dart:214:11)
[WrapWithProviderScope] 2023-12-18T00:26:58.448187 #112    GeneralizingAstVisitor.visitNamedCompilationUnitMember (package:analyzer/dart/ast/visitor.dart:516:7)
[WrapWithProviderScope] 2023-12-18T00:26:58.448187 #113    LinterVisitor.visitNamedCompilationUnitMember (package:custom_lint_core/src/node_lint_visitor.g.dart:748:11)
[WrapWithProviderScope] 2023-12-18T00:26:58.448187 #114    GeneralizingAstVisitor.visitClassDeclaration (package:analyzer/dart/ast/visitor.dart:201:7)
[WrapWithProviderScope] 2023-12-18T00:26:58.448187 #115    LinterVisitor.visitClassDeclaration (package:custom_lint_core/src/node_lint_visitor.g.dart:166:11)
[WrapWithProviderScope] 2023-12-18T00:26:58.448187 #116    ClassDeclarationImpl.accept (package:analyzer/src/dart/ast/ast.dart:2893:50)
[WrapWithProviderScope] 2023-12-18T00:26:58.448187 #117    NodeListImpl.accept (package:analyzer/src/dart/ast/ast.dart:12998:20)
[WrapWithProviderScope] 2023-12-18T00:26:58.448187 #118    CompilationUnitImpl.visitChildren (package:analyzer/src/dart/ast/ast.dart:3631:21)
[WrapWithProviderScope] 2023-12-18T00:26:58.448187 #119    GeneralizingAstVisitor.visitNode (package:analyzer/dart/ast/visitor.dart:535:10)
[WrapWithProviderScope] 2023-12-18T00:26:58.448187 #120    LinterVisitor.visitNode (package:custom_lint_core/src/node_lint_visitor.g.dart:784:11)
[WrapWithProviderScope] 2023-12-18T00:26:58.448187 #121    GeneralizingAstVisitor.visitCompilationUnit (package:analyzer/dart/ast/visitor.dart:219:52)
[WrapWithProviderScope] 2023-12-18T00:26:58.448187 #122    LinterVisitor.visitCompilationUnit (package:custom_lint_core/src/node_lint_visitor.g.dart:208:11)
[WrapWithProviderScope] 2023-12-18T00:26:58.448187 #123    CompilationUnitImpl.accept (package:analyzer/src/dart/ast/ast.dart:3624:50)
[WrapWithProviderScope] 2023-12-18T00:26:58.448187 #124    DartAssist.startUp.<anonymous closure> (package:custom_lint_core/src/assist.dart:81:17)
[WrapWithProviderScope] 2023-12-18T00:26:58.448187 #125    _rootRun (dart:async/zone.dart:1399:13)
[WrapWithProviderScope] 2023-12-18T00:26:58.448187 #126    _CustomZone.run (dart:async/zone.dart:1301:19)
[WrapWithProviderScope] 2023-12-18T00:26:58.448187 #127    _CustomZone.bindCallback.<anonymous closure> (dart:async/zone.dart:1233:23)
[WrapWithProviderScope] 2023-12-18T00:26:58.448187 #128    runPostRunCallbacks (package:custom_lint_core/src/plugin_base.dart:16:19)
[WrapWithProviderScope] 2023-12-18T00:26:58.448187 #129    _ClientAnalyzerPlugin.handleEditGetAssists (package:custom_lint_builder/src/client.dart:463:5)
[WrapWithProviderScope] 2023-12-18T00:26:58.448187 <asynchronous suspension>
[WrapWithProviderScope] 2023-12-18T00:26:58.448187 #130    ServerPlugin._getResponse (package:analyzer_plugin/plugin/plugin.dart:556:18)
[WrapWithProviderScope] 2023-12-18T00:26:58.448187 <asynchronous suspension>
[WrapWithProviderScope] 2023-12-18T00:26:58.448187 #131    ServerPlugin._onRequest (package:analyzer_plugin/plugin/plugin.dart:599:18)
[WrapWithProviderScope] 2023-12-18T00:26:58.448187 <asynchronous suspension>
[WrapWithProviderScope] 2023-12-18T00:26:58.448187
The Dart VM service is listening on http://127.0.0.1:63448/2t4V4Am9Ygc=/
The Dart DevTools debugger and profiler is available at: http://127.0.0.1:63448/2t4V4Am9Ygc=/devtools?uri=ws://127.0.0.1:63448/2t4V4Am9Ygc=/ws
The Dart VM service is listening on http://127.0.0.1:63547/aNVeBcOZgiE=/
The Dart DevTools debugger and profiler is available at: http://127.0.0.1:63547/aNVeBcOZgiE=/devtools?uri=ws://127.0.0.1:63547/aNVeBcOZgiE=/ws
